21:44:42.971 INFO - Selenium build info: version: '3.8.1', revision: '6e95a6684b'
21:44:42.974 INFO - Launching a standalone Selenium Server
2018-02-16 21:44:43.179:INFO::main: Logging initialized @678ms to org.seleniumhq.jetty9.util.log.StdErrLog
21:44:43.259 INFO - Using `new FirefoxOptions()` is preferred to `DesiredCapabilities.firefox()`
21:44:43.289 INFO - Using `new ChromeOptions()` is preferred to `DesiredCapabilities.chrome()`
21:44:43.296 INFO - Using `new EdgeOptions()` is preferred to `DesiredCapabilities.edge()`
21:44:43.297 INFO - Driver class not found: com.opera.core.systems.OperaDriver
21:44:43.298 INFO - Using `new OperaOptions()` is preferred to `DesiredCapabilities.operaBlink()`
21:44:43.299 INFO - Using `new SafariOptions()` is preferred to `DesiredCapabilities.safari()`
21:44:43.300 INFO - Driver class not found: org.openqa.selenium.phantomjs.PhantomJSDriver
21:44:43.366 INFO - Driver provider class org.openqa.selenium.ie.InternetExplorerDriver registration is skipped:
 registration capabilities Capabilities {browserName: internet explorer, ensureCleanSession: true, platform: WINDOWS, version: } does not match the current platform MAC
21:44:43.366 INFO - Driver provider class org.openqa.selenium.edge.EdgeDriver registration is skipped:
 registration capabilities Capabilities {browserName: MicrosoftEdge, platform: WINDOWS, version: } does not match the current platform MAC
21:44:43.458 INFO - Using `new ChromeOptions()` is preferred to `DesiredCapabilities.chrome()`
21:44:43.460 INFO - Using `new EdgeOptions()` is preferred to `DesiredCapabilities.edge()`
21:44:43.460 INFO - Using `new FirefoxOptions()` is preferred to `DesiredCapabilities.firefox()`
21:44:43.461 INFO - Using `new OperaOptions()` is preferred to `DesiredCapabilities.operaBlink()`
21:44:43.461 INFO - Using `new SafariOptions()` is preferred to `DesiredCapabilities.safari()`
21:44:43.495 INFO - Using the passthrough mode handler
2018-02-16 21:44:43.546:INFO:osjs.Server:main: jetty-9.4.7.v20170914
2018-02-16 21:44:43.584:WARN:osjs.SecurityHandler:main: ServletContext@o.s.j.s.ServletContextHandler@5891e32e{/,null,STARTING} has uncovered http methods for path: /
2018-02-16 21:44:43.592:INFO:osjsh.ContextHandler:main: Started o.s.j.s.ServletContextHandler@5891e32e{/,null,AVAILABLE}
2018-02-16 21:44:43.645:INFO:osjs.AbstractConnector:main: Started ServerConnector@548ad73b{HTTP/1.1,[http/1.1]}{0.0.0.0:4444}
2018-02-16 21:44:43.645:INFO:osjs.Server:main: Started @1145ms
21:44:43.645 INFO - Selenium Server is up and running
2018-02-16 21:44:43.980:INFO:osjshC.ROOT:qtp1190524793-13: org.openqa.selenium.remote.server.WebDriverServlet-3b088d51: Initialising WebDriverServlet
21:44:44.059 INFO - Found handler: org.openqa.selenium.remote.server.commandhandler.BeginSession@1b01aa1b
21:44:44.066 INFO - /session: Executing POST on /session (handler: BeginSession)
21:44:44.182 INFO - Capabilities are: Capabilities {acceptSslCerts: true, browserName: chrome, javascriptEnabled: true, name: Test}
21:44:44.185 INFO - Capabilities {acceptSslCerts: true, browserName: chrome, javascriptEnabled: true, name: Test} matched class org.openqa.selenium.remote.server.ServicedSession$Factory (provider: org.openqa.selenium.chrome.ChromeDriverService)
Starting ChromeDriver 2.35.528157 (4429ca2590d6988c0745c24c8858745aaaec01ef) on port 47083
Only local connections are allowed.
21:44:46.421 INFO - Detected dialect: OSS
21:44:46.917 INFO - Found handler: org.openqa.selenium.remote.server.ServicedSession@6a139218
21:44:46.918 INFO - Handler thread for session 45fd4239017a31739223613c451f9b0c (chrome): Executing POST on /session/45fd4239017a31739223613c451f9b0c/url (handler: ServicedSession)
21:44:46.924 INFO - To upstream: {"url":"http://localhost:8080"}
21:45:00.147 INFO - To downstream: {"sessionId":"45fd4239017a31739223613c451f9b0c","status":0,"value":null}
21:45:00.160 INFO - Found handler: org.openqa.selenium.remote.server.ServicedSession@6a139218
21:45:00.160 INFO - Handler thread for session 45fd4239017a31739223613c451f9b0c (chrome): Executing POST on /session/45fd4239017a31739223613c451f9b0c/elements (handler: ServicedSession)
21:45:00.162 INFO - To upstream: {"using":"css selector","value":"#app"}
21:45:00.189 INFO - To downstream: {"sessionId":"45fd4239017a31739223613c451f9b0c","status":0,"value":[{"ELEMENT":"0.0687313640860272-1"}]}
21:45:00.202 INFO - Found handler: org.openqa.selenium.remote.server.ServicedSession@6a139218
21:45:00.203 INFO - Handler thread for session 45fd4239017a31739223613c451f9b0c (chrome): Executing GET on /session/45fd4239017a31739223613c451f9b0c/element/0.0687313640860272-1/displayed (handler: ServicedSession)
21:45:00.218 INFO - To downstream: {"sessionId":"45fd4239017a31739223613c451f9b0c","status":0,"value":true}
21:45:00.234 INFO - Found handler: org.openqa.selenium.remote.server.ServicedSession@6a139218
21:45:00.235 INFO - Handler thread for session 45fd4239017a31739223613c451f9b0c (chrome): Executing POST on /session/45fd4239017a31739223613c451f9b0c/elements (handler: ServicedSession)
21:45:00.240 INFO - To upstream: {"using":"css selector","value":".hello"}
21:45:00.264 INFO - To downstream: {"sessionId":"45fd4239017a31739223613c451f9b0c","status":0,"value":[]}
21:45:00.282 INFO - Found handler: org.openqa.selenium.remote.server.ServicedSession@6a139218
21:45:00.290 INFO - Handler thread for session 45fd4239017a31739223613c451f9b0c (chrome): Executing DELETE on /session/45fd4239017a31739223613c451f9b0c (handler: ServicedSession)
21:45:00.345 INFO - To downstream: {"sessionId":"45fd4239017a31739223613c451f9b0c","status":0,"value":null}
21:45:00.349 INFO - Removing session org.openqa.selenium.remote.server.ServicedSession@6a139218
21:45:00.371 INFO - To downstream: {"sessionId":"","status":0,"value":null}
